[0.162s] DEBUG:colcon:Command line arguments: ['/usr/bin/colcon', 'build', '--symlink-install']
[0.162s] DEBUG:colcon:Parsed command line arguments: Namespace(log_base=None, log_level=None, verb_name='build', build_base='build', install_base='install', merge_install=False, symlink_install=True, test_result_base=None, continue_on_error=False, executor='parallel', parallel_workers=12, event_handlers=None, ignore_user_meta=False, metas=['./colcon.meta'], base_paths=['.'], packages_ignore=None, packages_ignore_regex=None, paths=None, packages_up_to=None, packages_up_to_regex=None, packages_above=None, packages_above_and_dependencies=None, packages_above_depth=None, packages_select_by_dep=None, packages_skip_by_dep=None, packages_skip_up_to=None, packages_select_build_failed=False, packages_skip_build_finished=False, packages_select_test_failures=False, packages_skip_test_passed=False, packages_select=None, packages_skip=None, packages_select_regex=None, packages_skip_regex=None, packages_start=None, packages_end=None, allow_overriding=[], cmake_args=None, cmake_target=None, cmake_target_skip_unavailable=False, cmake_clean_cache=False, cmake_clean_first=False, cmake_force_configure=False, ament_cmake_args=None, catkin_cmake_args=None, catkin_skip_building_tests=False, mixin_files=None, mixin=None, verb_parser=<colcon_mixin.mixin.mixin_argument.MixinArgumentDecorator object at 0x71b16d24a5c0>, verb_extension=<colcon_core.verb.build.BuildVerb object at 0x71b16d34f4f0>, main=<bound method BuildVerb.main of <colcon_core.verb.build.BuildVerb object at 0x71b16d34f4f0>>, mixin_verb=('build',))
[0.353s] Level 1:colcon.colcon_core.package_discovery:discover_packages(colcon_meta) check parameters
[0.353s] Level 1:colcon.colcon_core.package_discovery:discover_packages(recursive) check parameters
[0.353s] Level 1:colcon.colcon_core.package_discovery:discover_packages(ignore) check parameters
[0.353s] Level 1:colcon.colcon_core.package_discovery:discover_packages(path) check parameters
[0.354s] Level 1:colcon.colcon_core.package_discovery:discover_packages(colcon_meta) discover
[0.354s] Level 1:colcon.colcon_core.package_discovery:discover_packages(recursive) discover
[0.354s] INFO:colcon.colcon_core.package_discovery:Crawling recursively for packages in '/home/svr/ROBOMUSE_WS'
[0.354s] Level 1:colcon.colcon_core.package_identification:_identify(.) by extensions ['ignore', 'ignore_ament_install']
[0.354s] Level 1:colcon.colcon_core.package_identification:_identify(.) by extension 'ignore'
[0.354s] Level 1:colcon.colcon_core.package_identification:_identify(.) by extension 'ignore_ament_install'
[0.354s] Level 1:colcon.colcon_core.package_identification:_identify(.) by extensions ['colcon_pkg']
[0.354s] Level 1:colcon.colcon_core.package_identification:_identify(.) by extension 'colcon_pkg'
[0.354s] Level 1:colcon.colcon_core.package_identification:_identify(.) by extensions ['colcon_meta']
[0.354s] Level 1:colcon.colcon_core.package_identification:_identify(.) by extension 'colcon_meta'
[0.354s] Level 1:colcon.colcon_core.package_identification:_identify(.) by extensions ['ros']
[0.354s] Level 1:colcon.colcon_core.package_identification:_identify(.) by extension 'ros'
[0.371s] Level 1:colcon.colcon_core.package_identification:_identify(.) by extensions ['cmake', 'python']
[0.371s] Level 1:colcon.colcon_core.package_identification:_identify(.) by extension 'cmake'
[0.372s] Level 1:colcon.colcon_core.package_identification:_identify(.) by extension 'python'
[0.372s] Level 1:colcon.colcon_core.package_identification:_identify(.) by extensions ['python_setup_py']
[0.372s] Level 1:colcon.colcon_core.package_identification:_identify(.) by extension 'python_setup_py'
[0.372s] Level 1:colcon.colcon_core.package_identification:_identify(build) by extensions ['ignore', 'ignore_ament_install']
[0.372s] Level 1:colcon.colcon_core.package_identification:_identify(build) by extension 'ignore'
[0.372s] Level 1:colcon.colcon_core.package_identification:_identify(build) ignored
[0.372s] Level 1:colcon.colcon_core.package_identification:_identify(install) by extensions ['ignore', 'ignore_ament_install']
[0.372s] Level 1:colcon.colcon_core.package_identification:_identify(install) by extension 'ignore'
[0.372s] Level 1:colcon.colcon_core.package_identification:_identify(install) ignored
[0.372s] Level 1:colcon.colcon_core.package_identification:_identify(log) by extensions ['ignore', 'ignore_ament_install']
[0.372s] Level 1:colcon.colcon_core.package_identification:_identify(log) by extension 'ignore'
[0.372s] Level 1:colcon.colcon_core.package_identification:_identify(log) ignored
[0.372s] Level 1:colcon.colcon_core.package_identification:_identify(moon_servo_package) by extensions ['ignore', 'ignore_ament_install']
[0.372s] Level 1:colcon.colcon_core.package_identification:_identify(moon_servo_package) by extension 'ignore'
[0.373s] Level 1:colcon.colcon_core.package_identification:_identify(moon_servo_package) by extension 'ignore_ament_install'
[0.373s] Level 1:colcon.colcon_core.package_identification:_identify(moon_servo_package) by extensions ['colcon_pkg']
[0.373s] Level 1:colcon.colcon_core.package_identification:_identify(moon_servo_package) by extension 'colcon_pkg'
[0.373s] Level 1:colcon.colcon_core.package_identification:_identify(moon_servo_package) by extensions ['colcon_meta']
[0.373s] Level 1:colcon.colcon_core.package_identification:_identify(moon_servo_package) by extension 'colcon_meta'
[0.373s] Level 1:colcon.colcon_core.package_identification:_identify(moon_servo_package) by extensions ['ros']
[0.373s] Level 1:colcon.colcon_core.package_identification:_identify(moon_servo_package) by extension 'ros'
[0.373s] Level 1:colcon.colcon_core.package_identification:_identify(moon_servo_package) by extensions ['cmake', 'python']
[0.373s] Level 1:colcon.colcon_core.package_identification:_identify(moon_servo_package) by extension 'cmake'
[0.373s] Level 1:colcon.colcon_core.package_identification:_identify(moon_servo_package) by extension 'python'
[0.373s] Level 1:colcon.colcon_core.package_identification:_identify(moon_servo_package) by extensions ['python_setup_py']
[0.373s] Level 1:colcon.colcon_core.package_identification:_identify(moon_servo_package) by extension 'python_setup_py'
[0.596s] DEBUG:colcon.colcon_core.package_identification:Package 'moon_servo_package' with type 'python' and name 'moon_servo'
[0.596s] Level 1:colcon.colcon_core.package_identification:_identify(robomuse_motor_driver) by extensions ['ignore', 'ignore_ament_install']
[0.596s] Level 1:colcon.colcon_core.package_identification:_identify(robomuse_motor_driver) by extension 'ignore'
[0.597s] Level 1:colcon.colcon_core.package_identification:_identify(robomuse_motor_driver) by extension 'ignore_ament_install'
[0.597s] Level 1:colcon.colcon_core.package_identification:_identify(robomuse_motor_driver) by extensions ['colcon_pkg']
[0.597s] Level 1:colcon.colcon_core.package_identification:_identify(robomuse_motor_driver) by extension 'colcon_pkg'
[0.597s] Level 1:colcon.colcon_core.package_identification:_identify(robomuse_motor_driver) by extensions ['colcon_meta']
[0.597s] Level 1:colcon.colcon_core.package_identification:_identify(robomuse_motor_driver) by extension 'colcon_meta'
[0.597s] Level 1:colcon.colcon_core.package_identification:_identify(robomuse_motor_driver) by extensions ['ros']
[0.597s] Level 1:colcon.colcon_core.package_identification:_identify(robomuse_motor_driver) by extension 'ros'
[0.600s] DEBUG:colcon.colcon_core.package_identification:Package 'robomuse_motor_driver' with type 'ros.ament_cmake' and name 'robomuse_motor_driver'
[0.600s] Level 1:colcon.colcon_core.package_discovery:discover_packages(recursive) using defaults
[0.600s] Level 1:colcon.colcon_core.package_discovery:discover_packages(ignore) discover
[0.600s] Level 1:colcon.colcon_core.package_discovery:discover_packages(ignore) using defaults
[0.600s] Level 1:colcon.colcon_core.package_discovery:discover_packages(path) discover
[0.600s] Level 1:colcon.colcon_core.package_discovery:discover_packages(path) using defaults
[0.633s] Level 1:colcon.colcon_core.package_discovery:discover_packages(prefix_path) check parameters
[0.633s] Level 1:colcon.colcon_core.package_discovery:discover_packages(prefix_path) discover
[0.638s] DEBUG:colcon.colcon_installed_package_information.package_discovery:Found 6 installed packages in /home/svr/linorobot2_ws/install
[0.639s] DEBUG:colcon.colcon_installed_package_information.package_discovery:Found 2 installed packages in /home/svr/motor_ws/install
[0.639s] DEBUG:colcon.colcon_installed_package_information.package_discovery:Found 1 installed packages in /home/svr/ROBOMUSE_WS/install
[0.641s] DEBUG:colcon.colcon_installed_package_information.package_discovery:Found 335 installed packages in /opt/ros/humble
[0.642s] Level 1:colcon.colcon_core.package_discovery:discover_packages(prefix_path) using defaults
[0.691s] Level 5:colcon.colcon_core.verb:set package 'moon_servo' build argument 'cmake_args' from command line to 'None'
[0.691s] Level 5:colcon.colcon_core.verb:set package 'moon_servo' build argument 'cmake_target' from command line to 'None'
[0.691s] Level 5:colcon.colcon_core.verb:set package 'moon_servo' build argument 'cmake_target_skip_unavailable' from command line to 'False'
[0.691s] Level 5:colcon.colcon_core.verb:set package 'moon_servo' build argument 'cmake_clean_cache' from command line to 'False'
[0.691s] Level 5:colcon.colcon_core.verb:set package 'moon_servo' build argument 'cmake_clean_first' from command line to 'False'
[0.691s] Level 5:colcon.colcon_core.verb:set package 'moon_servo' build argument 'cmake_force_configure' from command line to 'False'
[0.691s] Level 5:colcon.colcon_core.verb:set package 'moon_servo' build argument 'ament_cmake_args' from command line to 'None'
[0.691s] Level 5:colcon.colcon_core.verb:set package 'moon_servo' build argument 'catkin_cmake_args' from command line to 'None'
[0.691s] Level 5:colcon.colcon_core.verb:set package 'moon_servo' build argument 'catkin_skip_building_tests' from command line to 'False'
[0.691s] DEBUG:colcon.colcon_core.verb:Building package 'moon_servo' with the following arguments: {'ament_cmake_args': None, 'build_base': '/home/svr/ROBOMUSE_WS/build/moon_servo', 'catkin_cmake_args': None, 'catkin_skip_building_tests': False, 'cmake_args': None, 'cmake_clean_cache': False, 'cmake_clean_first': False, 'cmake_force_configure': False, 'cmake_target': None, 'cmake_target_skip_unavailable': False, 'install_base': '/home/svr/ROBOMUSE_WS/install/moon_servo', 'merge_install': False, 'path': '/home/svr/ROBOMUSE_WS/moon_servo_package', 'symlink_install': True, 'test_result_base': None}
[0.691s] Level 5:colcon.colcon_core.verb:set package 'robomuse_motor_driver' build argument 'cmake_args' from command line to 'None'
[0.691s] Level 5:colcon.colcon_core.verb:set package 'robomuse_motor_driver' build argument 'cmake_target' from command line to 'None'
[0.691s] Level 5:colcon.colcon_core.verb:set package 'robomuse_motor_driver' build argument 'cmake_target_skip_unavailable' from command line to 'False'
[0.691s] Level 5:colcon.colcon_core.verb:set package 'robomuse_motor_driver' build argument 'cmake_clean_cache' from command line to 'False'
[0.691s] Level 5:colcon.colcon_core.verb:set package 'robomuse_motor_driver' build argument 'cmake_clean_first' from command line to 'False'
[0.691s] Level 5:colcon.colcon_core.verb:set package 'robomuse_motor_driver' build argument 'cmake_force_configure' from command line to 'False'
[0.691s] Level 5:colcon.colcon_core.verb:set package 'robomuse_motor_driver' build argument 'ament_cmake_args' from command line to 'None'
[0.691s] Level 5:colcon.colcon_core.verb:set package 'robomuse_motor_driver' build argument 'catkin_cmake_args' from command line to 'None'
[0.691s] Level 5:colcon.colcon_core.verb:set package 'robomuse_motor_driver' build argument 'catkin_skip_building_tests' from command line to 'False'
[0.691s] DEBUG:colcon.colcon_core.verb:Building package 'robomuse_motor_driver' with the following arguments: {'ament_cmake_args': None, 'build_base': '/home/svr/ROBOMUSE_WS/build/robomuse_motor_driver', 'catkin_cmake_args': None, 'catkin_skip_building_tests': False, 'cmake_args': None, 'cmake_clean_cache': False, 'cmake_clean_first': False, 'cmake_force_configure': False, 'cmake_target': None, 'cmake_target_skip_unavailable': False, 'install_base': '/home/svr/ROBOMUSE_WS/install/robomuse_motor_driver', 'merge_install': False, 'path': '/home/svr/ROBOMUSE_WS/robomuse_motor_driver', 'symlink_install': True, 'test_result_base': None}
[0.692s] INFO:colcon.colcon_core.executor:Executing jobs using 'parallel' executor
[0.692s] DEBUG:colcon.colcon_parallel_executor.executor.parallel:run_until_complete
[0.693s] INFO:colcon.colcon_core.task.python.build:Building Python package in '/home/svr/ROBOMUSE_WS/moon_servo_package'
[0.696s] INFO:colcon.colcon_core.plugin_system:Skipping extension 'colcon_core.shell.bat': Not used on non-Windows systems
[0.696s] INFO:colcon.colcon_core.shell:Skip shell extension 'powershell' for command environment: Not usable outside of PowerShell
[0.696s] DEBUG:colcon.colcon_core.shell:Skip shell extension 'dsv' for command environment
[1.246s] DEBUG:colcon.colcon_core.event_handler.log_command:Invoking command in '/home/svr/ROBOMUSE_WS/build/moon_servo': PYTHONPATH=/home/svr/ROBOMUSE_WS/build/moon_servo/prefix_override:/usr/lib/python3/dist-packages/colcon_core/task/python/colcon_distutils_commands:/home/svr/ROBOMUSE_WS/install/moon_servo/lib/python3.10/site-packages:${PYTHONPATH} /usr/bin/python3 -W ignore:setup.py install is deprecated -W ignore:easy_install command is deprecated setup.py develop --editable --build-directory /home/svr/ROBOMUSE_WS/build/moon_servo/build --no-deps
[1.668s] Level 1:colcon.colcon_core.shell:create_environment_hook('moon_servo', 'pythonpath_develop')
[1.668s] INFO:colcon.colcon_core.shell:Creating environment hook '/home/svr/ROBOMUSE_WS/build/moon_servo/share/moon_servo/hook/pythonpath_develop.ps1'
[1.669s] DEBUG:colcon.colcon_core.event_handler.log_command:Invoked command in '/home/svr/ROBOMUSE_WS/build/moon_servo' returned '0': PYTHONPATH=/home/svr/ROBOMUSE_WS/build/moon_servo/prefix_override:/usr/lib/python3/dist-packages/colcon_core/task/python/colcon_distutils_commands:/home/svr/ROBOMUSE_WS/install/moon_servo/lib/python3.10/site-packages:${PYTHONPATH} /usr/bin/python3 -W ignore:setup.py install is deprecated -W ignore:easy_install command is deprecated setup.py develop --editable --build-directory /home/svr/ROBOMUSE_WS/build/moon_servo/build --no-deps
[1.670s] INFO:colcon.colcon_core.shell:Creating environment descriptor '/home/svr/ROBOMUSE_WS/build/moon_servo/share/moon_servo/hook/pythonpath_develop.dsv'
[1.670s] INFO:colcon.colcon_core.shell:Creating environment hook '/home/svr/ROBOMUSE_WS/build/moon_servo/share/moon_servo/hook/pythonpath_develop.sh'
[1.675s] Level 1:colcon.colcon_core.environment:checking '/home/svr/ROBOMUSE_WS/install/moon_servo' for CMake module files
[1.675s] Level 1:colcon.colcon_core.environment:checking '/home/svr/ROBOMUSE_WS/install/moon_servo' for CMake config files
[1.676s] Level 1:colcon.colcon_core.environment:checking '/home/svr/ROBOMUSE_WS/install/moon_servo/lib'
[1.676s] Level 1:colcon.colcon_core.environment:checking '/home/svr/ROBOMUSE_WS/install/moon_servo/bin'
[1.676s] Level 1:colcon.colcon_core.environment:checking '/home/svr/ROBOMUSE_WS/install/moon_servo/lib/pkgconfig/moon_servo.pc'
[1.676s] Level 1:colcon.colcon_core.environment:checking '/home/svr/ROBOMUSE_WS/install/moon_servo/lib/python3.10/site-packages'
[1.676s] Level 1:colcon.colcon_core.shell:create_environment_hook('moon_servo', 'pythonpath')
[1.676s] INFO:colcon.colcon_core.shell:Creating environment hook '/home/svr/ROBOMUSE_WS/install/moon_servo/share/moon_servo/hook/pythonpath.ps1'
[1.677s] INFO:colcon.colcon_core.shell:Creating environment descriptor '/home/svr/ROBOMUSE_WS/install/moon_servo/share/moon_servo/hook/pythonpath.dsv'
[1.677s] INFO:colcon.colcon_core.shell:Creating environment hook '/home/svr/ROBOMUSE_WS/install/moon_servo/share/moon_servo/hook/pythonpath.sh'
[1.678s] Level 1:colcon.colcon_core.environment:checking '/home/svr/ROBOMUSE_WS/install/moon_servo/bin'
[1.678s] Level 1:colcon.colcon_core.environment:create_environment_scripts_only(moon_servo)
[1.678s] INFO:colcon.colcon_core.shell:Creating package script '/home/svr/ROBOMUSE_WS/install/moon_servo/share/moon_servo/package.ps1'
[1.679s] INFO:colcon.colcon_core.shell:Creating package descriptor '/home/svr/ROBOMUSE_WS/install/moon_servo/share/moon_servo/package.dsv'
[1.680s] INFO:colcon.colcon_core.shell:Creating package script '/home/svr/ROBOMUSE_WS/install/moon_servo/share/moon_servo/package.sh'
[1.681s] INFO:colcon.colcon_core.shell:Creating package script '/home/svr/ROBOMUSE_WS/install/moon_servo/share/moon_servo/package.bash'
[1.681s] INFO:colcon.colcon_core.shell:Creating package script '/home/svr/ROBOMUSE_WS/install/moon_servo/share/moon_servo/package.zsh'
[1.682s] Level 1:colcon.colcon_core.environment:create_file_with_runtime_dependencies(/home/svr/ROBOMUSE_WS/install/moon_servo/share/colcon-core/packages/moon_servo)
[1.682s] INFO:colcon.colcon_ros.task.ament_cmake.build:Building ROS package in '/home/svr/ROBOMUSE_WS/robomuse_motor_driver' with build type 'ament_cmake'
[1.682s] INFO:colcon.colcon_cmake.task.cmake.build:Building CMake package in '/home/svr/ROBOMUSE_WS/robomuse_motor_driver'
[1.683s] INFO:colcon.colcon_core.shell:Skip shell extension 'powershell' for command environment: Not usable outside of PowerShell
[1.683s] DEBUG:colcon.colcon_core.shell:Skip shell extension 'dsv' for command environment
[1.692s] DEBUG:colcon.colcon_core.event_handler.log_command:Invoking command in '/home/svr/ROBOMUSE_WS/build/robomuse_motor_driver': CMAKE_PREFIX_PATH=${CMAKE_PREFIX_PATH}:/home/svr/motor_ws/install/servo_moon:/opt/ros/humble PYTHONPATH=/home/svr/ROBOMUSE_WS/build/moon_servo:/home/svr/ROBOMUSE_WS/install/moon_servo/lib/python3.10/site-packages:${PYTHONPATH} /usr/bin/cmake --build /home/svr/ROBOMUSE_WS/build/robomuse_motor_driver -- -j12 -l12
[1.780s] DEBUG:colcon.colcon_core.event_handler.log_command:Invoked command in '/home/svr/ROBOMUSE_WS/build/robomuse_motor_driver' returned '0': CMAKE_PREFIX_PATH=${CMAKE_PREFIX_PATH}:/home/svr/motor_ws/install/servo_moon:/opt/ros/humble PYTHONPATH=/home/svr/ROBOMUSE_WS/build/moon_servo:/home/svr/ROBOMUSE_WS/install/moon_servo/lib/python3.10/site-packages:${PYTHONPATH} /usr/bin/cmake --build /home/svr/ROBOMUSE_WS/build/robomuse_motor_driver -- -j12 -l12
[1.788s] DEBUG:colcon.colcon_core.event_handler.log_command:Invoking command in '/home/svr/ROBOMUSE_WS/build/robomuse_motor_driver': CMAKE_PREFIX_PATH=${CMAKE_PREFIX_PATH}:/home/svr/motor_ws/install/servo_moon:/opt/ros/humble PYTHONPATH=/home/svr/ROBOMUSE_WS/build/moon_servo:/home/svr/ROBOMUSE_WS/install/moon_servo/lib/python3.10/site-packages:${PYTHONPATH} /usr/bin/cmake --install /home/svr/ROBOMUSE_WS/build/robomuse_motor_driver
[1.808s] Level 1:colcon.colcon_core.environment:create_environment_scripts_only(robomuse_motor_driver)
[1.808s] Level 1:colcon.colcon_core.environment:checking '/home/svr/ROBOMUSE_WS/install/robomuse_motor_driver' for CMake module files
[1.808s] DEBUG:colcon.colcon_core.event_handler.log_command:Invoked command in '/home/svr/ROBOMUSE_WS/build/robomuse_motor_driver' returned '0': CMAKE_PREFIX_PATH=${CMAKE_PREFIX_PATH}:/home/svr/motor_ws/install/servo_moon:/opt/ros/humble PYTHONPATH=/home/svr/ROBOMUSE_WS/build/moon_servo:/home/svr/ROBOMUSE_WS/install/moon_servo/lib/python3.10/site-packages:${PYTHONPATH} /usr/bin/cmake --install /home/svr/ROBOMUSE_WS/build/robomuse_motor_driver
[1.809s] Level 1:colcon.colcon_core.environment:checking '/home/svr/ROBOMUSE_WS/install/robomuse_motor_driver' for CMake config files
[1.809s] Level 1:colcon.colcon_core.shell:create_environment_hook('robomuse_motor_driver', 'cmake_prefix_path')
[1.809s] INFO:colcon.colcon_core.shell:Creating environment hook '/home/svr/ROBOMUSE_WS/install/robomuse_motor_driver/share/robomuse_motor_driver/hook/cmake_prefix_path.ps1'
[1.810s] INFO:colcon.colcon_core.shell:Creating environment descriptor '/home/svr/ROBOMUSE_WS/install/robomuse_motor_driver/share/robomuse_motor_driver/hook/cmake_prefix_path.dsv'
[1.810s] INFO:colcon.colcon_core.shell:Creating environment hook '/home/svr/ROBOMUSE_WS/install/robomuse_motor_driver/share/robomuse_motor_driver/hook/cmake_prefix_path.sh'
[1.810s] Level 1:colcon.colcon_core.environment:checking '/home/svr/ROBOMUSE_WS/install/robomuse_motor_driver/lib'
[1.810s] Level 1:colcon.colcon_core.environment:checking '/home/svr/ROBOMUSE_WS/install/robomuse_motor_driver/bin'
[1.810s] Level 1:colcon.colcon_core.environment:checking '/home/svr/ROBOMUSE_WS/install/robomuse_motor_driver/lib/pkgconfig/robomuse_motor_driver.pc'
[1.811s] Level 1:colcon.colcon_core.environment:checking '/home/svr/ROBOMUSE_WS/install/robomuse_motor_driver/lib/python3.10/site-packages'
[1.811s] Level 1:colcon.colcon_core.environment:checking '/home/svr/ROBOMUSE_WS/install/robomuse_motor_driver/bin'
[1.811s] INFO:colcon.colcon_core.shell:Creating package script '/home/svr/ROBOMUSE_WS/install/robomuse_motor_driver/share/robomuse_motor_driver/package.ps1'
[1.811s] INFO:colcon.colcon_core.shell:Creating package descriptor '/home/svr/ROBOMUSE_WS/install/robomuse_motor_driver/share/robomuse_motor_driver/package.dsv'
[1.812s] INFO:colcon.colcon_core.shell:Creating package script '/home/svr/ROBOMUSE_WS/install/robomuse_motor_driver/share/robomuse_motor_driver/package.sh'
[1.812s] INFO:colcon.colcon_core.shell:Creating package script '/home/svr/ROBOMUSE_WS/install/robomuse_motor_driver/share/robomuse_motor_driver/package.bash'
[1.812s] INFO:colcon.colcon_core.shell:Creating package script '/home/svr/ROBOMUSE_WS/install/robomuse_motor_driver/share/robomuse_motor_driver/package.zsh'
[1.813s] Level 1:colcon.colcon_core.environment:create_file_with_runtime_dependencies(/home/svr/ROBOMUSE_WS/install/robomuse_motor_driver/share/colcon-core/packages/robomuse_motor_driver)
[1.813s] Level 1:colcon.colcon_core.environment:create_environment_scripts_only(robomuse_motor_driver)
[1.813s] Level 1:colcon.colcon_core.environment:checking '/home/svr/ROBOMUSE_WS/install/robomuse_motor_driver' for CMake module files
[1.814s] Level 1:colcon.colcon_core.environment:checking '/home/svr/ROBOMUSE_WS/install/robomuse_motor_driver' for CMake config files
[1.814s] Level 1:colcon.colcon_core.shell:create_environment_hook('robomuse_motor_driver', 'cmake_prefix_path')
[1.814s] INFO:colcon.colcon_core.shell:Creating environment hook '/home/svr/ROBOMUSE_WS/install/robomuse_motor_driver/share/robomuse_motor_driver/hook/cmake_prefix_path.ps1'
[1.814s] INFO:colcon.colcon_core.shell:Creating environment descriptor '/home/svr/ROBOMUSE_WS/install/robomuse_motor_driver/share/robomuse_motor_driver/hook/cmake_prefix_path.dsv'
[1.815s] INFO:colcon.colcon_core.shell:Creating environment hook '/home/svr/ROBOMUSE_WS/install/robomuse_motor_driver/share/robomuse_motor_driver/hook/cmake_prefix_path.sh'
[1.815s] Level 1:colcon.colcon_core.environment:checking '/home/svr/ROBOMUSE_WS/install/robomuse_motor_driver/lib'
[1.815s] Level 1:colcon.colcon_core.environment:checking '/home/svr/ROBOMUSE_WS/install/robomuse_motor_driver/bin'
[1.815s] Level 1:colcon.colcon_core.environment:checking '/home/svr/ROBOMUSE_WS/install/robomuse_motor_driver/lib/pkgconfig/robomuse_motor_driver.pc'
[1.815s] Level 1:colcon.colcon_core.environment:checking '/home/svr/ROBOMUSE_WS/install/robomuse_motor_driver/lib/python3.10/site-packages'
[1.816s] Level 1:colcon.colcon_core.environment:checking '/home/svr/ROBOMUSE_WS/install/robomuse_motor_driver/bin'
[1.816s] INFO:colcon.colcon_core.shell:Creating package script '/home/svr/ROBOMUSE_WS/install/robomuse_motor_driver/share/robomuse_motor_driver/package.ps1'
[1.816s] INFO:colcon.colcon_core.shell:Creating package descriptor '/home/svr/ROBOMUSE_WS/install/robomuse_motor_driver/share/robomuse_motor_driver/package.dsv'
[1.817s] INFO:colcon.colcon_core.shell:Creating package script '/home/svr/ROBOMUSE_WS/install/robomuse_motor_driver/share/robomuse_motor_driver/package.sh'
[1.817s] INFO:colcon.colcon_core.shell:Creating package script '/home/svr/ROBOMUSE_WS/install/robomuse_motor_driver/share/robomuse_motor_driver/package.bash'
[1.817s] INFO:colcon.colcon_core.shell:Creating package script '/home/svr/ROBOMUSE_WS/install/robomuse_motor_driver/share/robomuse_motor_driver/package.zsh'
[1.818s] Level 1:colcon.colcon_core.environment:create_file_with_runtime_dependencies(/home/svr/ROBOMUSE_WS/install/robomuse_motor_driver/share/colcon-core/packages/robomuse_motor_driver)
[1.818s] DEBUG:colcon.colcon_parallel_executor.executor.parallel:closing loop
[1.818s] DEBUG:colcon.colcon_parallel_executor.executor.parallel:loop closed
[1.818s] DEBUG:colcon.colcon_parallel_executor.executor.parallel:run_until_complete finished with '0'
[1.818s] DEBUG:colcon.colcon_core.event_reactor:joining thread
[1.827s] INFO:colcon.colcon_core.plugin_system:Skipping extension 'colcon_notification.desktop_notification.terminal_notifier': Not used on non-Darwin systems
[1.827s] INFO:colcon.colcon_core.plugin_system:Skipping extension 'colcon_notification.desktop_notification.win32': Not used on non-Windows systems
[1.827s] INFO:colcon.colcon_notification.desktop_notification:Sending desktop notification using 'notify2'
[1.845s] DEBUG:colcon.colcon_core.event_reactor:joined thread
[1.846s] INFO:colcon.colcon_core.shell:Creating prefix script '/home/svr/ROBOMUSE_WS/install/local_setup.ps1'
[1.847s] INFO:colcon.colcon_core.shell:Creating prefix util module '/home/svr/ROBOMUSE_WS/install/_local_setup_util_ps1.py'
[1.849s] INFO:colcon.colcon_core.shell:Creating prefix chain script '/home/svr/ROBOMUSE_WS/install/setup.ps1'
[1.852s] INFO:colcon.colcon_core.shell:Creating prefix script '/home/svr/ROBOMUSE_WS/install/local_setup.sh'
[1.853s] INFO:colcon.colcon_core.shell:Creating prefix util module '/home/svr/ROBOMUSE_WS/install/_local_setup_util_sh.py'
[1.854s] INFO:colcon.colcon_core.shell:Creating prefix chain script '/home/svr/ROBOMUSE_WS/install/setup.sh'
[1.855s] INFO:colcon.colcon_core.shell:Creating prefix script '/home/svr/ROBOMUSE_WS/install/local_setup.bash'
[1.856s] INFO:colcon.colcon_core.shell:Creating prefix chain script '/home/svr/ROBOMUSE_WS/install/setup.bash'
[1.858s] INFO:colcon.colcon_core.shell:Creating prefix script '/home/svr/ROBOMUSE_WS/install/local_setup.zsh'
[1.859s] INFO:colcon.colcon_core.shell:Creating prefix chain script '/home/svr/ROBOMUSE_WS/install/setup.zsh'
