[0.009s] Invoking command in '/home/svr/ROBOMUSE_WS/build/robomuse_motor_driver': CMAKE_PREFIX_PATH=${CMAKE_PREFIX_PATH}:/home/svr/motor_ws/install/servo_moon:/opt/ros/humble /usr/bin/cmake /home/svr/ROBOMUSE_WS/robomuse_motor_driver -DCMAKE_INSTALL_PREFIX=/home/svr/ROBOMUSE_WS/install/robomuse_motor_driver
[0.051s] -- The C compiler identification is GNU 11.4.0
[0.095s] -- The CXX compiler identification is GNU 11.4.0
[0.101s] -- Detecting C compiler ABI info
[0.160s] -- Detecting C compiler ABI info - done
[0.169s] -- Check for working C compiler: /usr/bin/cc - skipped
[0.169s] -- Detecting C compile features
[0.169s] -- Detecting C compile features - done
[0.172s] -- Detecting CXX compiler ABI info
[0.242s] -- Detecting CXX compiler ABI info - done
[0.249s] -- Check for working CXX compiler: /usr/bin/c++ - skipped
[0.249s] -- Detecting CXX compile features
[0.250s] -- Detecting CXX compile features - done
[0.252s] -- Found ament_cmake: 1.3.11 (/opt/ros/humble/share/ament_cmake/cmake)
[0.381s] -- Found Python3: /usr/bin/python3 (found version "3.10.12") found components: Interpreter 
[0.474s] -- Found rclcpp: 16.0.11 (/opt/ros/humble/share/rclcpp/cmake)
[0.512s] -- Found rosidl_generator_c: 3.1.6 (/opt/ros/humble/share/rosidl_generator_c/cmake)
[0.517s] -- Found rosidl_adapter: 3.1.6 (/opt/ros/humble/share/rosidl_adapter/cmake)
[0.524s] -- Found rosidl_generator_cpp: 3.1.6 (/opt/ros/humble/share/rosidl_generator_cpp/cmake)
[0.535s] -- Using all available rosidl_typesupport_c: rosidl_typesupport_fastrtps_c;rosidl_typesupport_introspection_c
[0.550s] -- Using all available rosidl_typesupport_cpp: rosidl_typesupport_fastrtps_cpp;rosidl_typesupport_introspection_cpp
[0.591s] -- Found rmw_implementation_cmake: 6.1.2 (/opt/ros/humble/share/rmw_implementation_cmake/cmake)
[0.594s] -- Found rmw_fastrtps_cpp: 6.2.7 (/opt/ros/humble/share/rmw_fastrtps_cpp/cmake)
[0.660s] -- Found OpenSSL: /usr/lib/x86_64-linux-gnu/libcrypto.so (found version "3.0.2")  
[0.681s] -- Found FastRTPS: /opt/ros/humble/include  
[0.713s] -- Using RMW implementation 'rmw_fastrtps_cpp' as default
[0.721s] -- Looking for pthread.h
[0.778s] -- Looking for pthread.h - found
[0.778s] -- Performing Test CMAKE_HAVE_LIBC_PTHREAD
[0.844s] -- Performing Test CMAKE_HAVE_LIBC_PTHREAD - Success
[0.845s] -- Found Threads: TRUE  
[0.899s] -- Found ament_lint_auto: 0.12.11 (/opt/ros/humble/share/ament_lint_auto/cmake)
[0.969s] -- Added test 'flake8' to check Python code syntax and style conventions
[0.969s] -- Added test 'lint_cmake' to check CMake code style
[0.970s] -- Added test 'pep257' to check Python code against some of the docstring style conventions in PEP 257
[0.971s] -- Added test 'xmllint' to check XML markup files
[0.972s] -- Configuring done
[0.975s] -- Generating done
[0.977s] -- Build files have been written to: /home/svr/ROBOMUSE_WS/build/robomuse_motor_driver
[0.986s] Invoked command in '/home/svr/ROBOMUSE_WS/build/robomuse_motor_driver' returned '0': CMAKE_PREFIX_PATH=${CMAKE_PREFIX_PATH}:/home/svr/motor_ws/install/servo_moon:/opt/ros/humble /usr/bin/cmake /home/svr/ROBOMUSE_WS/robomuse_motor_driver -DCMAKE_INSTALL_PREFIX=/home/svr/ROBOMUSE_WS/install/robomuse_motor_driver
[0.987s] Invoking command in '/home/svr/ROBOMUSE_WS/build/robomuse_motor_driver': CMAKE_PREFIX_PATH=${CMAKE_PREFIX_PATH}:/home/svr/motor_ws/install/servo_moon:/opt/ros/humble /usr/bin/cmake --build /home/svr/ROBOMUSE_WS/build/robomuse_motor_driver -- -j12 -l12
[1.019s] Invoked command in '/home/svr/ROBOMUSE_WS/build/robomuse_motor_driver' returned '0': CMAKE_PREFIX_PATH=${CMAKE_PREFIX_PATH}:/home/svr/motor_ws/install/servo_moon:/opt/ros/humble /usr/bin/cmake --build /home/svr/ROBOMUSE_WS/build/robomuse_motor_driver -- -j12 -l12
[1.028s] Invoking command in '/home/svr/ROBOMUSE_WS/build/robomuse_motor_driver': CMAKE_PREFIX_PATH=${CMAKE_PREFIX_PATH}:/home/svr/motor_ws/install/servo_moon:/opt/ros/humble /usr/bin/cmake --install /home/svr/ROBOMUSE_WS/build/robomuse_motor_driver
[1.034s] -- Install configuration: ""
[1.035s] -- Installing: /home/svr/ROBOMUSE_WS/install/robomuse_motor_driver/lib/robomuse_motor_driver/motor_node.py
[1.035s] -- Installing: /home/svr/ROBOMUSE_WS/install/robomuse_motor_driver/share/ament_index/resource_index/package_run_dependencies/robomuse_motor_driver
[1.035s] -- Installing: /home/svr/ROBOMUSE_WS/install/robomuse_motor_driver/share/ament_index/resource_index/parent_prefix_path/robomuse_motor_driver
[1.035s] -- Installing: /home/svr/ROBOMUSE_WS/install/robomuse_motor_driver/share/robomuse_motor_driver/environment/ament_prefix_path.sh
[1.035s] -- Installing: /home/svr/ROBOMUSE_WS/install/robomuse_motor_driver/share/robomuse_motor_driver/environment/ament_prefix_path.dsv
[1.035s] -- Installing: /home/svr/ROBOMUSE_WS/install/robomuse_motor_driver/share/robomuse_motor_driver/environment/path.sh
[1.035s] -- Installing: /home/svr/ROBOMUSE_WS/install/robomuse_motor_driver/share/robomuse_motor_driver/environment/path.dsv
[1.036s] -- Installing: /home/svr/ROBOMUSE_WS/install/robomuse_motor_driver/share/robomuse_motor_driver/local_setup.bash
[1.036s] -- Installing: /home/svr/ROBOMUSE_WS/install/robomuse_motor_driver/share/robomuse_motor_driver/local_setup.sh
[1.036s] -- Installing: /home/svr/ROBOMUSE_WS/install/robomuse_motor_driver/share/robomuse_motor_driver/local_setup.zsh
[1.036s] -- Installing: /home/svr/ROBOMUSE_WS/install/robomuse_motor_driver/share/robomuse_motor_driver/local_setup.dsv
[1.036s] -- Installing: /home/svr/ROBOMUSE_WS/install/robomuse_motor_driver/share/robomuse_motor_driver/package.dsv
[1.036s] -- Installing: /home/svr/ROBOMUSE_WS/install/robomuse_motor_driver/share/ament_index/resource_index/packages/robomuse_motor_driver
[1.036s] -- Installing: /home/svr/ROBOMUSE_WS/install/robomuse_motor_driver/share/robomuse_motor_driver/cmake/robomuse_motor_driverConfig.cmake
[1.036s] -- Installing: /home/svr/ROBOMUSE_WS/install/robomuse_motor_driver/share/robomuse_motor_driver/cmake/robomuse_motor_driverConfig-version.cmake
[1.037s] -- Installing: /home/svr/ROBOMUSE_WS/install/robomuse_motor_driver/share/robomuse_motor_driver/package.xml
[1.038s] Invoked command in '/home/svr/ROBOMUSE_WS/build/robomuse_motor_driver' returned '0': CMAKE_PREFIX_PATH=${CMAKE_PREFIX_PATH}:/home/svr/motor_ws/install/servo_moon:/opt/ros/humble /usr/bin/cmake --install /home/svr/ROBOMUSE_WS/build/robomuse_motor_driver
