-- Found ament_cmake: 1.3.11 (/opt/ros/humble/share/ament_cmake/cmake)
-- Override CMake install command with custom implementation using symlinks instead of copying resources
-- Found rclcpp: 16.0.11 (/opt/ros/humble/share/rclcpp/cmake)
-- Found rosidl_generator_c: 3.1.6 (/opt/ros/humble/share/rosidl_generator_c/cmake)
-- Found rosidl_adapter: 3.1.6 (/opt/ros/humble/share/rosidl_adapter/cmake)
-- Found rosidl_generator_cpp: 3.1.6 (/opt/ros/humble/share/rosidl_generator_cpp/cmake)
-- Using all available rosidl_typesupport_c: rosidl_typesupport_fastrtps_c;rosidl_typesupport_introspection_c
-- Using all available rosidl_typesupport_cpp: rosidl_typesupport_fastrtps_cpp;rosidl_typesupport_introspection_cpp
-- Found rmw_implementation_cmake: 6.1.2 (/opt/ros/humble/share/rmw_implementation_cmake/cmake)
-- Found rmw_fastrtps_cpp: 6.2.7 (/opt/ros/humble/share/rmw_fastrtps_cpp/cmake)
-- Using RMW implementation 'rmw_fastrtps_cpp' as default
-- Found ament_lint_auto: 0.12.11 (/opt/ros/humble/share/ament_lint_auto/cmake)
-- Added test 'flake8' to check Python code syntax and style conventions
-- Added test 'lint_cmake' to check CMake code style
-- Added test 'pep257' to check Python code against some of the docstring style conventions in PEP 257
-- Added test 'xmllint' to check XML markup files
-- Configuring done
-- Generating done
-- Build files have been written to: /home/svr/ROBOMUSE_WS/build/robomuse_motor_driver
-- Install configuration: ""
-- Execute custom install script
-- Up-to-date symlink: /home/svr/ROBOMUSE_WS/install/robomuse_motor_driver/lib/robomuse_motor_driver/motor_node.py
-- Up-to-date symlink: /home/svr/ROBOMUSE_WS/install/robomuse_motor_driver/share/ament_index/resource_index/package_run_dependencies/robomuse_motor_driver
-- Up-to-date symlink: /home/svr/ROBOMUSE_WS/install/robomuse_motor_driver/share/ament_index/resource_index/parent_prefix_path/robomuse_motor_driver
-- Up-to-date symlink: /home/svr/ROBOMUSE_WS/install/robomuse_motor_driver/share/robomuse_motor_driver/environment/ament_prefix_path.sh
-- Up-to-date symlink: /home/svr/ROBOMUSE_WS/install/robomuse_motor_driver/share/robomuse_motor_driver/environment/ament_prefix_path.dsv
-- Up-to-date symlink: /home/svr/ROBOMUSE_WS/install/robomuse_motor_driver/share/robomuse_motor_driver/environment/path.sh
-- Up-to-date symlink: /home/svr/ROBOMUSE_WS/install/robomuse_motor_driver/share/robomuse_motor_driver/environment/path.dsv
-- Up-to-date symlink: /home/svr/ROBOMUSE_WS/install/robomuse_motor_driver/share/robomuse_motor_driver/local_setup.bash
-- Up-to-date symlink: /home/svr/ROBOMUSE_WS/install/robomuse_motor_driver/share/robomuse_motor_driver/local_setup.sh
-- Up-to-date symlink: /home/svr/ROBOMUSE_WS/install/robomuse_motor_driver/share/robomuse_motor_driver/local_setup.zsh
-- Up-to-date symlink: /home/svr/ROBOMUSE_WS/install/robomuse_motor_driver/share/robomuse_motor_driver/local_setup.dsv
-- Symlinking: /home/svr/ROBOMUSE_WS/install/robomuse_motor_driver/share/robomuse_motor_driver/package.dsv
-- Up-to-date symlink: /home/svr/ROBOMUSE_WS/install/robomuse_motor_driver/share/ament_index/resource_index/packages/robomuse_motor_driver
-- Up-to-date symlink: /home/svr/ROBOMUSE_WS/install/robomuse_motor_driver/share/robomuse_motor_driver/cmake/robomuse_motor_driverConfig.cmake
-- Up-to-date symlink: /home/svr/ROBOMUSE_WS/install/robomuse_motor_driver/share/robomuse_motor_driver/cmake/robomuse_motor_driverConfig-version.cmake
-- Up-to-date symlink: /home/svr/ROBOMUSE_WS/install/robomuse_motor_driver/share/robomuse_motor_driver/package.xml
