[0.009s] Invoking command in '/home/svr/ROBOMUSE_WS/build/robomuse_motor_driver': CMAKE_PREFIX_PATH=${CMAKE_PREFIX_PATH}:/home/svr/motor_ws/install/servo_moon:/opt/ros/humble /usr/bin/cmake /home/svr/ROBOMUSE_WS/robomuse_motor_driver -DAMENT_CMAKE_SYMLINK_INSTALL=1 -DCMAKE_INSTALL_PREFIX=/home/svr/ROBOMUSE_WS/install/robomuse_motor_driver
[0.019s] -- Found ament_cmake: 1.3.11 (/opt/ros/humble/share/ament_cmake/cmake)
[0.120s] -- Override CMake install command with custom implementation using symlinks instead of copying resources
[0.126s] -- Found rclcpp: 16.0.11 (/opt/ros/humble/share/rclcpp/cmake)
[0.151s] -- Found rosidl_generator_c: 3.1.6 (/opt/ros/humble/share/rosidl_generator_c/cmake)
[0.153s] -- Found rosidl_adapter: 3.1.6 (/opt/ros/humble/share/rosidl_adapter/cmake)
[0.158s] -- Found rosidl_generator_cpp: 3.1.6 (/opt/ros/humble/share/rosidl_generator_cpp/cmake)
[0.167s] -- Using all available rosidl_typesupport_c: rosidl_typesupport_fastrtps_c;rosidl_typesupport_introspection_c
[0.178s] -- Using all available rosidl_typesupport_cpp: rosidl_typesupport_fastrtps_cpp;rosidl_typesupport_introspection_cpp
[0.206s] -- Found rmw_implementation_cmake: 6.1.2 (/opt/ros/humble/share/rmw_implementation_cmake/cmake)
[0.207s] -- Found rmw_fastrtps_cpp: 6.2.7 (/opt/ros/humble/share/rmw_fastrtps_cpp/cmake)
[0.290s] -- Using RMW implementation 'rmw_fastrtps_cpp' as default
[0.334s] -- Found ament_lint_auto: 0.12.11 (/opt/ros/humble/share/ament_lint_auto/cmake)
[0.398s] -- Added test 'flake8' to check Python code syntax and style conventions
[0.399s] -- Added test 'lint_cmake' to check CMake code style
[0.399s] -- Added test 'pep257' to check Python code against some of the docstring style conventions in PEP 257
[0.400s] -- Added test 'xmllint' to check XML markup files
[0.400s] -- Configuring done
[0.403s] -- Generating done
[0.405s] -- Build files have been written to: /home/svr/ROBOMUSE_WS/build/robomuse_motor_driver
[0.411s] Invoked command in '/home/svr/ROBOMUSE_WS/build/robomuse_motor_driver' returned '0': CMAKE_PREFIX_PATH=${CMAKE_PREFIX_PATH}:/home/svr/motor_ws/install/servo_moon:/opt/ros/humble /usr/bin/cmake /home/svr/ROBOMUSE_WS/robomuse_motor_driver -DAMENT_CMAKE_SYMLINK_INSTALL=1 -DCMAKE_INSTALL_PREFIX=/home/svr/ROBOMUSE_WS/install/robomuse_motor_driver
[0.413s] Invoking command in '/home/svr/ROBOMUSE_WS/build/robomuse_motor_driver': CMAKE_PREFIX_PATH=${CMAKE_PREFIX_PATH}:/home/svr/motor_ws/install/servo_moon:/opt/ros/humble /usr/bin/cmake --build /home/svr/ROBOMUSE_WS/build/robomuse_motor_driver -- -j12 -l12
[0.448s] Invoked command in '/home/svr/ROBOMUSE_WS/build/robomuse_motor_driver' returned '0': CMAKE_PREFIX_PATH=${CMAKE_PREFIX_PATH}:/home/svr/motor_ws/install/servo_moon:/opt/ros/humble /usr/bin/cmake --build /home/svr/ROBOMUSE_WS/build/robomuse_motor_driver -- -j12 -l12
[0.457s] Invoking command in '/home/svr/ROBOMUSE_WS/build/robomuse_motor_driver': CMAKE_PREFIX_PATH=${CMAKE_PREFIX_PATH}:/home/svr/motor_ws/install/servo_moon:/opt/ros/humble /usr/bin/cmake --install /home/svr/ROBOMUSE_WS/build/robomuse_motor_driver
[0.464s] -- Install configuration: ""
[0.464s] -- Execute custom install script
[0.464s] -- Up-to-date symlink: /home/svr/ROBOMUSE_WS/install/robomuse_motor_driver/lib/robomuse_motor_driver/motor_node.py
[0.465s] -- Up-to-date symlink: /home/svr/ROBOMUSE_WS/install/robomuse_motor_driver/share/ament_index/resource_index/package_run_dependencies/robomuse_motor_driver
[0.465s] -- Up-to-date symlink: /home/svr/ROBOMUSE_WS/install/robomuse_motor_driver/share/ament_index/resource_index/parent_prefix_path/robomuse_motor_driver
[0.465s] -- Up-to-date symlink: /home/svr/ROBOMUSE_WS/install/robomuse_motor_driver/share/robomuse_motor_driver/environment/ament_prefix_path.sh
[0.465s] -- Up-to-date symlink: /home/svr/ROBOMUSE_WS/install/robomuse_motor_driver/share/robomuse_motor_driver/environment/ament_prefix_path.dsv
[0.465s] -- Up-to-date symlink: /home/svr/ROBOMUSE_WS/install/robomuse_motor_driver/share/robomuse_motor_driver/environment/path.sh
[0.466s] -- Up-to-date symlink: /home/svr/ROBOMUSE_WS/install/robomuse_motor_driver/share/robomuse_motor_driver/environment/path.dsv
[0.466s] -- Up-to-date symlink: /home/svr/ROBOMUSE_WS/install/robomuse_motor_driver/share/robomuse_motor_driver/local_setup.bash
[0.466s] -- Up-to-date symlink: /home/svr/ROBOMUSE_WS/install/robomuse_motor_driver/share/robomuse_motor_driver/local_setup.sh
[0.466s] -- Up-to-date symlink: /home/svr/ROBOMUSE_WS/install/robomuse_motor_driver/share/robomuse_motor_driver/local_setup.zsh
[0.466s] -- Up-to-date symlink: /home/svr/ROBOMUSE_WS/install/robomuse_motor_driver/share/robomuse_motor_driver/local_setup.dsv
[0.466s] -- Symlinking: /home/svr/ROBOMUSE_WS/install/robomuse_motor_driver/share/robomuse_motor_driver/package.dsv
[0.473s] -- Up-to-date symlink: /home/svr/ROBOMUSE_WS/install/robomuse_motor_driver/share/ament_index/resource_index/packages/robomuse_motor_driver
[0.474s] -- Up-to-date symlink: /home/svr/ROBOMUSE_WS/install/robomuse_motor_driver/share/robomuse_motor_driver/cmake/robomuse_motor_driverConfig.cmake
[0.474s] -- Up-to-date symlink: /home/svr/ROBOMUSE_WS/install/robomuse_motor_driver/share/robomuse_motor_driver/cmake/robomuse_motor_driverConfig-version.cmake
[0.474s] -- Up-to-date symlink: /home/svr/ROBOMUSE_WS/install/robomuse_motor_driver/share/robomuse_motor_driver/package.xml
[0.475s] Invoked command in '/home/svr/ROBOMUSE_WS/build/robomuse_motor_driver' returned '0': CMAKE_PREFIX_PATH=${CMAKE_PREFIX_PATH}:/home/svr/motor_ws/install/servo_moon:/opt/ros/humble /usr/bin/cmake --install /home/svr/ROBOMUSE_WS/build/robomuse_motor_driver
