[0.011s] Invoking command in '/home/svr/ROBOMUSE_WS/build/robomuse_motor_driver': CMAKE_PREFIX_PATH=${CMAKE_PREFIX_PATH}:/home/svr/motor_ws/install/servo_moon:/opt/ros/humble /usr/bin/cmake --build /home/svr/ROBOMUSE_WS/build/robomuse_motor_driver -- -j12 -l12
[0.040s] Invoked command in '/home/svr/ROBOMUSE_WS/build/robomuse_motor_driver' returned '0': CMAKE_PREFIX_PATH=${CMAKE_PREFIX_PATH}:/home/svr/motor_ws/install/servo_moon:/opt/ros/humble /usr/bin/cmake --build /home/svr/ROBOMUSE_WS/build/robomuse_motor_driver -- -j12 -l12
[0.048s] Invoking command in '/home/svr/ROBOMUSE_WS/build/robomuse_motor_driver': CMAKE_PREFIX_PATH=${CMAKE_PREFIX_PATH}:/home/svr/motor_ws/install/servo_moon:/opt/ros/humble /usr/bin/cmake --install /home/svr/ROBOMUSE_WS/build/robomuse_motor_driver
[0.053s] -- Install configuration: ""
[0.053s] -- Execute custom install script
[0.053s] -- Up-to-date symlink: /home/svr/ROBOMUSE_WS/install/robomuse_motor_driver/lib/robomuse_motor_driver/motor_node.py
[0.053s] -- Up-to-date symlink: /home/svr/ROBOMUSE_WS/install/robomuse_motor_driver/share/ament_index/resource_index/package_run_dependencies/robomuse_motor_driver
[0.053s] -- Up-to-date symlink: /home/svr/ROBOMUSE_WS/install/robomuse_motor_driver/share/ament_index/resource_index/parent_prefix_path/robomuse_motor_driver
[0.053s] -- Up-to-date symlink: /home/svr/ROBOMUSE_WS/install/robomuse_motor_driver/share/robomuse_motor_driver/environment/ament_prefix_path.sh
[0.054s] -- Up-to-date symlink: /home/svr/ROBOMUSE_WS/install/robomuse_motor_driver/share/robomuse_motor_driver/environment/ament_prefix_path.dsv
[0.054s] -- Up-to-date symlink: /home/svr/ROBOMUSE_WS/install/robomuse_motor_driver/share/robomuse_motor_driver/environment/path.sh
[0.054s] -- Up-to-date symlink: /home/svr/ROBOMUSE_WS/install/robomuse_motor_driver/share/robomuse_motor_driver/environment/path.dsv
[0.054s] -- Up-to-date symlink: /home/svr/ROBOMUSE_WS/install/robomuse_motor_driver/share/robomuse_motor_driver/local_setup.bash
[0.054s] -- Up-to-date symlink: /home/svr/ROBOMUSE_WS/install/robomuse_motor_driver/share/robomuse_motor_driver/local_setup.sh
[0.054s] -- Up-to-date symlink: /home/svr/ROBOMUSE_WS/install/robomuse_motor_driver/share/robomuse_motor_driver/local_setup.zsh
[0.054s] -- Up-to-date symlink: /home/svr/ROBOMUSE_WS/install/robomuse_motor_driver/share/robomuse_motor_driver/local_setup.dsv
[0.054s] -- Symlinking: /home/svr/ROBOMUSE_WS/install/robomuse_motor_driver/share/robomuse_motor_driver/package.dsv
[0.060s] -- Up-to-date symlink: /home/svr/ROBOMUSE_WS/install/robomuse_motor_driver/share/ament_index/resource_index/packages/robomuse_motor_driver
[0.061s] -- Up-to-date symlink: /home/svr/ROBOMUSE_WS/install/robomuse_motor_driver/share/robomuse_motor_driver/cmake/robomuse_motor_driverConfig.cmake
[0.061s] -- Up-to-date symlink: /home/svr/ROBOMUSE_WS/install/robomuse_motor_driver/share/robomuse_motor_driver/cmake/robomuse_motor_driverConfig-version.cmake
[0.061s] -- Up-to-date symlink: /home/svr/ROBOMUSE_WS/install/robomuse_motor_driver/share/robomuse_motor_driver/package.xml
[0.062s] Invoked command in '/home/svr/ROBOMUSE_WS/build/robomuse_motor_driver' returned '0': CMAKE_PREFIX_PATH=${CMAKE_PREFIX_PATH}:/home/svr/motor_ws/install/servo_moon:/opt/ros/humble /usr/bin/cmake --install /home/svr/ROBOMUSE_WS/build/robomuse_motor_driver
