[0.101s] DEBUG:colcon:Command line arguments: ['/usr/bin/colcon', 'build', '--symlink-install']
[0.101s] DEBUG:colcon:Parsed command line arguments: Namespace(log_base=None, log_level=None, verb_name='build', build_base='build', install_base='install', merge_install=False, symlink_install=True, test_result_base=None, continue_on_error=False, executor='parallel', parallel_workers=12, event_handlers=None, ignore_user_meta=False, metas=['./colcon.meta'], base_paths=['.'], packages_ignore=None, packages_ignore_regex=None, paths=None, packages_up_to=None, packages_up_to_regex=None, packages_above=None, packages_above_and_dependencies=None, packages_above_depth=None, packages_select_by_dep=None, packages_skip_by_dep=None, packages_skip_up_to=None, packages_select_build_failed=False, packages_skip_build_finished=False, packages_select_test_failures=False, packages_skip_test_passed=False, packages_select=None, packages_skip=None, packages_select_regex=None, packages_skip_regex=None, packages_start=None, packages_end=None, allow_overriding=[], cmake_args=None, cmake_target=None, cmake_target_skip_unavailable=False, cmake_clean_cache=False, cmake_clean_first=False, cmake_force_configure=False, ament_cmake_args=None, catkin_cmake_args=None, catkin_skip_building_tests=False, mixin_files=None, mixin=None, verb_parser=<colcon_mixin.mixin.mixin_argument.MixinArgumentDecorator object at 0x781cb9a3e590>, verb_extension=<colcon_core.verb.build.BuildVerb object at 0x781cb9b434c0>, main=<bound method BuildVerb.main of <colcon_core.verb.build.BuildVerb object at 0x781cb9b434c0>>, mixin_verb=('build',))
[0.255s] Level 1:colcon.colcon_core.package_discovery:discover_packages(colcon_meta) check parameters
[0.255s] Level 1:colcon.colcon_core.package_discovery:discover_packages(recursive) check parameters
[0.255s] Level 1:colcon.colcon_core.package_discovery:discover_packages(ignore) check parameters
[0.255s] Level 1:colcon.colcon_core.package_discovery:discover_packages(path) check parameters
[0.255s] Level 1:colcon.colcon_core.package_discovery:discover_packages(colcon_meta) discover
[0.255s] Level 1:colcon.colcon_core.package_discovery:discover_packages(recursive) discover
[0.255s] INFO:colcon.colcon_core.package_discovery:Crawling recursively for packages in '/home/svr/ROBOMUSE_WS'
[0.256s] Level 1:colcon.colcon_core.package_identification:_identify(.) by extensions ['ignore', 'ignore_ament_install']
[0.256s] Level 1:colcon.colcon_core.package_identification:_identify(.) by extension 'ignore'
[0.256s] Level 1:colcon.colcon_core.package_identification:_identify(.) by extension 'ignore_ament_install'
[0.256s] Level 1:colcon.colcon_core.package_identification:_identify(.) by extensions ['colcon_pkg']
[0.256s] Level 1:colcon.colcon_core.package_identification:_identify(.) by extension 'colcon_pkg'
[0.256s] Level 1:colcon.colcon_core.package_identification:_identify(.) by extensions ['colcon_meta']
[0.256s] Level 1:colcon.colcon_core.package_identification:_identify(.) by extension 'colcon_meta'
[0.256s] Level 1:colcon.colcon_core.package_identification:_identify(.) by extensions ['ros']
[0.256s] Level 1:colcon.colcon_core.package_identification:_identify(.) by extension 'ros'
[0.266s] Level 1:colcon.colcon_core.package_identification:_identify(.) by extensions ['cmake', 'python']
[0.266s] Level 1:colcon.colcon_core.package_identification:_identify(.) by extension 'cmake'
[0.266s] Level 1:colcon.colcon_core.package_identification:_identify(.) by extension 'python'
[0.267s] Level 1:colcon.colcon_core.package_identification:_identify(.) by extensions ['python_setup_py']
[0.267s] Level 1:colcon.colcon_core.package_identification:_identify(.) by extension 'python_setup_py'
[0.267s] Level 1:colcon.colcon_core.package_identification:_identify(build) by extensions ['ignore', 'ignore_ament_install']
[0.267s] Level 1:colcon.colcon_core.package_identification:_identify(build) by extension 'ignore'
[0.267s] Level 1:colcon.colcon_core.package_identification:_identify(build) ignored
[0.267s] Level 1:colcon.colcon_core.package_identification:_identify(install) by extensions ['ignore', 'ignore_ament_install']
[0.267s] Level 1:colcon.colcon_core.package_identification:_identify(install) by extension 'ignore'
[0.267s] Level 1:colcon.colcon_core.package_identification:_identify(install) ignored
[0.267s] Level 1:colcon.colcon_core.package_identification:_identify(log) by extensions ['ignore', 'ignore_ament_install']
[0.267s] Level 1:colcon.colcon_core.package_identification:_identify(log) by extension 'ignore'
[0.267s] Level 1:colcon.colcon_core.package_identification:_identify(log) ignored
[0.267s] Level 1:colcon.colcon_core.package_identification:_identify(moon_servo_package) by extensions ['ignore', 'ignore_ament_install']
[0.267s] Level 1:colcon.colcon_core.package_identification:_identify(moon_servo_package) by extension 'ignore'
[0.267s] Level 1:colcon.colcon_core.package_identification:_identify(moon_servo_package) by extension 'ignore_ament_install'
[0.268s] Level 1:colcon.colcon_core.package_identification:_identify(moon_servo_package) by extensions ['colcon_pkg']
[0.268s] Level 1:colcon.colcon_core.package_identification:_identify(moon_servo_package) by extension 'colcon_pkg'
[0.268s] Level 1:colcon.colcon_core.package_identification:_identify(moon_servo_package) by extensions ['colcon_meta']
[0.268s] Level 1:colcon.colcon_core.package_identification:_identify(moon_servo_package) by extension 'colcon_meta'
[0.268s] Level 1:colcon.colcon_core.package_identification:_identify(moon_servo_package) by extensions ['ros']
[0.268s] Level 1:colcon.colcon_core.package_identification:_identify(moon_servo_package) by extension 'ros'
[0.268s] Level 1:colcon.colcon_core.package_identification:_identify(moon_servo_package) by extensions ['cmake', 'python']
[0.268s] Level 1:colcon.colcon_core.package_identification:_identify(moon_servo_package) by extension 'cmake'
[0.268s] Level 1:colcon.colcon_core.package_identification:_identify(moon_servo_package) by extension 'python'
[0.268s] Level 1:colcon.colcon_core.package_identification:_identify(moon_servo_package) by extensions ['python_setup_py']
[0.268s] Level 1:colcon.colcon_core.package_identification:_identify(moon_servo_package) by extension 'python_setup_py'
[0.503s] DEBUG:colcon.colcon_core.package_identification:Package 'moon_servo_package' with type 'python' and name 'moon_servo'
[0.503s] Level 1:colcon.colcon_core.package_identification:_identify(robomuse_motor_driver) by extensions ['ignore', 'ignore_ament_install']
[0.503s] Level 1:colcon.colcon_core.package_identification:_identify(robomuse_motor_driver) by extension 'ignore'
[0.503s] Level 1:colcon.colcon_core.package_identification:_identify(robomuse_motor_driver) by extension 'ignore_ament_install'
[0.503s] Level 1:colcon.colcon_core.package_identification:_identify(robomuse_motor_driver) by extensions ['colcon_pkg']
[0.503s] Level 1:colcon.colcon_core.package_identification:_identify(robomuse_motor_driver) by extension 'colcon_pkg'
[0.504s] Level 1:colcon.colcon_core.package_identification:_identify(robomuse_motor_driver) by extensions ['colcon_meta']
[0.504s] Level 1:colcon.colcon_core.package_identification:_identify(robomuse_motor_driver) by extension 'colcon_meta'
[0.504s] Level 1:colcon.colcon_core.package_identification:_identify(robomuse_motor_driver) by extensions ['ros']
[0.504s] Level 1:colcon.colcon_core.package_identification:_identify(robomuse_motor_driver) by extension 'ros'
[0.507s] DEBUG:colcon.colcon_core.package_identification:Package 'robomuse_motor_driver' with type 'ros.ament_cmake' and name 'robomuse_motor_driver'
[0.507s] Level 1:colcon.colcon_core.package_discovery:discover_packages(recursive) using defaults
[0.507s] Level 1:colcon.colcon_core.package_discovery:discover_packages(ignore) discover
[0.507s] Level 1:colcon.colcon_core.package_discovery:discover_packages(ignore) using defaults
[0.507s] Level 1:colcon.colcon_core.package_discovery:discover_packages(path) discover
[0.507s] Level 1:colcon.colcon_core.package_discovery:discover_packages(path) using defaults
[0.536s] Level 1:colcon.colcon_core.package_discovery:discover_packages(prefix_path) check parameters
[0.536s] Level 1:colcon.colcon_core.package_discovery:discover_packages(prefix_path) discover
[0.538s] DEBUG:colcon.colcon_installed_package_information.package_discovery:Found 6 installed packages in /home/svr/linorobot2_ws/install
[0.538s] DEBUG:colcon.colcon_installed_package_information.package_discovery:Found 2 installed packages in /home/svr/motor_ws/install
[0.539s] DEBUG:colcon.colcon_installed_package_information.package_discovery:Found 2 installed packages in /home/svr/ROBOMUSE_WS/install
[0.540s] DEBUG:colcon.colcon_installed_package_information.package_discovery:Found 335 installed packages in /opt/ros/humble
[0.542s] Level 1:colcon.colcon_core.package_discovery:discover_packages(prefix_path) using defaults
[0.583s] Level 5:colcon.colcon_core.verb:set package 'moon_servo' build argument 'cmake_args' from command line to 'None'
[0.583s] Level 5:colcon.colcon_core.verb:set package 'moon_servo' build argument 'cmake_target' from command line to 'None'
[0.583s] Level 5:colcon.colcon_core.verb:set package 'moon_servo' build argument 'cmake_target_skip_unavailable' from command line to 'False'
[0.583s] Level 5:colcon.colcon_core.verb:set package 'moon_servo' build argument 'cmake_clean_cache' from command line to 'False'
[0.583s] Level 5:colcon.colcon_core.verb:set package 'moon_servo' build argument 'cmake_clean_first' from command line to 'False'
[0.583s] Level 5:colcon.colcon_core.verb:set package 'moon_servo' build argument 'cmake_force_configure' from command line to 'False'
[0.583s] Level 5:colcon.colcon_core.verb:set package 'moon_servo' build argument 'ament_cmake_args' from command line to 'None'
[0.583s] Level 5:colcon.colcon_core.verb:set package 'moon_servo' build argument 'catkin_cmake_args' from command line to 'None'
[0.583s] Level 5:colcon.colcon_core.verb:set package 'moon_servo' build argument 'catkin_skip_building_tests' from command line to 'False'
[0.583s] DEBUG:colcon.colcon_core.verb:Building package 'moon_servo' with the following arguments: {'ament_cmake_args': None, 'build_base': '/home/svr/ROBOMUSE_WS/build/moon_servo', 'catkin_cmake_args': None, 'catkin_skip_building_tests': False, 'cmake_args': None, 'cmake_clean_cache': False, 'cmake_clean_first': False, 'cmake_force_configure': False, 'cmake_target': None, 'cmake_target_skip_unavailable': False, 'install_base': '/home/svr/ROBOMUSE_WS/install/moon_servo', 'merge_install': False, 'path': '/home/svr/ROBOMUSE_WS/moon_servo_package', 'symlink_install': True, 'test_result_base': None}
[0.583s] Level 5:colcon.colcon_core.verb:set package 'robomuse_motor_driver' build argument 'cmake_args' from command line to 'None'
[0.583s] Level 5:colcon.colcon_core.verb:set package 'robomuse_motor_driver' build argument 'cmake_target' from command line to 'None'
[0.583s] Level 5:colcon.colcon_core.verb:set package 'robomuse_motor_driver' build argument 'cmake_target_skip_unavailable' from command line to 'False'
[0.583s] Level 5:colcon.colcon_core.verb:set package 'robomuse_motor_driver' build argument 'cmake_clean_cache' from command line to 'False'
[0.583s] Level 5:colcon.colcon_core.verb:set package 'robomuse_motor_driver' build argument 'cmake_clean_first' from command line to 'False'
[0.583s] Level 5:colcon.colcon_core.verb:set package 'robomuse_motor_driver' build argument 'cmake_force_configure' from command line to 'False'
[0.583s] Level 5:colcon.colcon_core.verb:set package 'robomuse_motor_driver' build argument 'ament_cmake_args' from command line to 'None'
[0.583s] Level 5:colcon.colcon_core.verb:set package 'robomuse_motor_driver' build argument 'catkin_cmake_args' from command line to 'None'
[0.584s] Level 5:colcon.colcon_core.verb:set package 'robomuse_motor_driver' build argument 'catkin_skip_building_tests' from command line to 'False'
[0.584s] DEBUG:colcon.colcon_core.verb:Building package 'robomuse_motor_driver' with the following arguments: {'ament_cmake_args': None, 'build_base': '/home/svr/ROBOMUSE_WS/build/robomuse_motor_driver', 'catkin_cmake_args': None, 'catkin_skip_building_tests': False, 'cmake_args': None, 'cmake_clean_cache': False, 'cmake_clean_first': False, 'cmake_force_configure': False, 'cmake_target': None, 'cmake_target_skip_unavailable': False, 'install_base': '/home/svr/ROBOMUSE_WS/install/robomuse_motor_driver', 'merge_install': False, 'path': '/home/svr/ROBOMUSE_WS/robomuse_motor_driver', 'symlink_install': True, 'test_result_base': None}
[0.584s] INFO:colcon.colcon_core.executor:Executing jobs using 'parallel' executor
[0.584s] DEBUG:colcon.colcon_parallel_executor.executor.parallel:run_until_complete
[0.585s] INFO:colcon.colcon_core.task.python.build:Building Python package in '/home/svr/ROBOMUSE_WS/moon_servo_package'
[0.586s] INFO:colcon.colcon_core.plugin_system:Skipping extension 'colcon_core.shell.bat': Not used on non-Windows systems
[0.587s] INFO:colcon.colcon_core.shell:Skip shell extension 'powershell' for command environment: Not usable outside of PowerShell
[0.587s] DEBUG:colcon.colcon_core.shell:Skip shell extension 'dsv' for command environment
[1.103s] DEBUG:colcon.colcon_core.event_handler.log_command:Invoking command in '/home/svr/ROBOMUSE_WS/build/moon_servo': PYTHONPATH=/home/svr/ROBOMUSE_WS/build/moon_servo/prefix_override:/usr/lib/python3/dist-packages/colcon_core/task/python/colcon_distutils_commands:/home/svr/ROBOMUSE_WS/install/moon_servo/lib/python3.10/site-packages:${PYTHONPATH} /usr/bin/python3 -W ignore:setup.py install is deprecated -W ignore:easy_install command is deprecated setup.py develop --editable --build-directory /home/svr/ROBOMUSE_WS/build/moon_servo/build --no-deps
[1.508s] Level 1:colcon.colcon_core.shell:create_environment_hook('moon_servo', 'pythonpath_develop')
[1.508s] INFO:colcon.colcon_core.shell:Creating environment hook '/home/svr/ROBOMUSE_WS/build/moon_servo/share/moon_servo/hook/pythonpath_develop.ps1'
[1.509s] DEBUG:colcon.colcon_core.event_handler.log_command:Invoked command in '/home/svr/ROBOMUSE_WS/build/moon_servo' returned '0': PYTHONPATH=/home/svr/ROBOMUSE_WS/build/moon_servo/prefix_override:/usr/lib/python3/dist-packages/colcon_core/task/python/colcon_distutils_commands:/home/svr/ROBOMUSE_WS/install/moon_servo/lib/python3.10/site-packages:${PYTHONPATH} /usr/bin/python3 -W ignore:setup.py install is deprecated -W ignore:easy_install command is deprecated setup.py develop --editable --build-directory /home/svr/ROBOMUSE_WS/build/moon_servo/build --no-deps
[1.509s] INFO:colcon.colcon_core.shell:Creating environment descriptor '/home/svr/ROBOMUSE_WS/build/moon_servo/share/moon_servo/hook/pythonpath_develop.dsv'
[1.510s] INFO:colcon.colcon_core.shell:Creating environment hook '/home/svr/ROBOMUSE_WS/build/moon_servo/share/moon_servo/hook/pythonpath_develop.sh'
[1.512s] Level 1:colcon.colcon_core.environment:checking '/home/svr/ROBOMUSE_WS/install/moon_servo' for CMake module files
[1.513s] Level 1:colcon.colcon_core.environment:checking '/home/svr/ROBOMUSE_WS/install/moon_servo' for CMake config files
[1.513s] Level 1:colcon.colcon_core.environment:checking '/home/svr/ROBOMUSE_WS/install/moon_servo/lib'
[1.513s] Level 1:colcon.colcon_core.environment:checking '/home/svr/ROBOMUSE_WS/install/moon_servo/bin'
[1.513s] Level 1:colcon.colcon_core.environment:checking '/home/svr/ROBOMUSE_WS/install/moon_servo/lib/pkgconfig/moon_servo.pc'
[1.513s] Level 1:colcon.colcon_core.environment:checking '/home/svr/ROBOMUSE_WS/install/moon_servo/lib/python3.10/site-packages'
[1.514s] Level 1:colcon.colcon_core.shell:create_environment_hook('moon_servo', 'pythonpath')
[1.514s] INFO:colcon.colcon_core.shell:Creating environment hook '/home/svr/ROBOMUSE_WS/install/moon_servo/share/moon_servo/hook/pythonpath.ps1'
[1.514s] INFO:colcon.colcon_core.shell:Creating environment descriptor '/home/svr/ROBOMUSE_WS/install/moon_servo/share/moon_servo/hook/pythonpath.dsv'
[1.514s] INFO:colcon.colcon_core.shell:Creating environment hook '/home/svr/ROBOMUSE_WS/install/moon_servo/share/moon_servo/hook/pythonpath.sh'
[1.515s] Level 1:colcon.colcon_core.environment:checking '/home/svr/ROBOMUSE_WS/install/moon_servo/bin'
[1.515s] Level 1:colcon.colcon_core.environment:create_environment_scripts_only(moon_servo)
[1.515s] INFO:colcon.colcon_core.shell:Creating package script '/home/svr/ROBOMUSE_WS/install/moon_servo/share/moon_servo/package.ps1'
[1.516s] INFO:colcon.colcon_core.shell:Creating package descriptor '/home/svr/ROBOMUSE_WS/install/moon_servo/share/moon_servo/package.dsv'
[1.516s] INFO:colcon.colcon_core.shell:Creating package script '/home/svr/ROBOMUSE_WS/install/moon_servo/share/moon_servo/package.sh'
[1.517s] INFO:colcon.colcon_core.shell:Creating package script '/home/svr/ROBOMUSE_WS/install/moon_servo/share/moon_servo/package.bash'
[1.518s] INFO:colcon.colcon_core.shell:Creating package script '/home/svr/ROBOMUSE_WS/install/moon_servo/share/moon_servo/package.zsh'
[1.518s] Level 1:colcon.colcon_core.environment:create_file_with_runtime_dependencies(/home/svr/ROBOMUSE_WS/install/moon_servo/share/colcon-core/packages/moon_servo)
[1.519s] INFO:colcon.colcon_ros.task.ament_cmake.build:Building ROS package in '/home/svr/ROBOMUSE_WS/robomuse_motor_driver' with build type 'ament_cmake'
[1.519s] INFO:colcon.colcon_cmake.task.cmake.build:Building CMake package in '/home/svr/ROBOMUSE_WS/robomuse_motor_driver'
[1.519s] INFO:colcon.colcon_core.shell:Skip shell extension 'powershell' for command environment: Not usable outside of PowerShell
[1.519s] DEBUG:colcon.colcon_core.shell:Skip shell extension 'dsv' for command environment
[1.527s] DEBUG:colcon.colcon_core.event_handler.log_command:Invoking command in '/home/svr/ROBOMUSE_WS/build/robomuse_motor_driver': CMAKE_PREFIX_PATH=${CMAKE_PREFIX_PATH}:/home/svr/motor_ws/install/servo_moon:/opt/ros/humble PYTHONPATH=/home/svr/ROBOMUSE_WS/build/moon_servo:/home/svr/ROBOMUSE_WS/install/moon_servo/lib/python3.10/site-packages:${PYTHONPATH} /usr/bin/cmake --build /home/svr/ROBOMUSE_WS/build/robomuse_motor_driver -- -j12 -l12
[1.562s] DEBUG:colcon.colcon_core.event_handler.log_command:Invoked command in '/home/svr/ROBOMUSE_WS/build/robomuse_motor_driver' returned '0': CMAKE_PREFIX_PATH=${CMAKE_PREFIX_PATH}:/home/svr/motor_ws/install/servo_moon:/opt/ros/humble PYTHONPATH=/home/svr/ROBOMUSE_WS/build/moon_servo:/home/svr/ROBOMUSE_WS/install/moon_servo/lib/python3.10/site-packages:${PYTHONPATH} /usr/bin/cmake --build /home/svr/ROBOMUSE_WS/build/robomuse_motor_driver -- -j12 -l12
[1.570s] DEBUG:colcon.colcon_core.event_handler.log_command:Invoking command in '/home/svr/ROBOMUSE_WS/build/robomuse_motor_driver': CMAKE_PREFIX_PATH=${CMAKE_PREFIX_PATH}:/home/svr/motor_ws/install/servo_moon:/opt/ros/humble PYTHONPATH=/home/svr/ROBOMUSE_WS/build/moon_servo:/home/svr/ROBOMUSE_WS/install/moon_servo/lib/python3.10/site-packages:${PYTHONPATH} /usr/bin/cmake --install /home/svr/ROBOMUSE_WS/build/robomuse_motor_driver
[1.587s] Level 1:colcon.colcon_core.environment:create_environment_scripts_only(robomuse_motor_driver)
[1.588s] Level 1:colcon.colcon_core.environment:checking '/home/svr/ROBOMUSE_WS/install/robomuse_motor_driver' for CMake module files
[1.588s] DEBUG:colcon.colcon_core.event_handler.log_command:Invoked command in '/home/svr/ROBOMUSE_WS/build/robomuse_motor_driver' returned '0': CMAKE_PREFIX_PATH=${CMAKE_PREFIX_PATH}:/home/svr/motor_ws/install/servo_moon:/opt/ros/humble PYTHONPATH=/home/svr/ROBOMUSE_WS/build/moon_servo:/home/svr/ROBOMUSE_WS/install/moon_servo/lib/python3.10/site-packages:${PYTHONPATH} /usr/bin/cmake --install /home/svr/ROBOMUSE_WS/build/robomuse_motor_driver
[1.589s] Level 1:colcon.colcon_core.environment:checking '/home/svr/ROBOMUSE_WS/install/robomuse_motor_driver' for CMake config files
[1.589s] Level 1:colcon.colcon_core.shell:create_environment_hook('robomuse_motor_driver', 'cmake_prefix_path')
[1.589s] INFO:colcon.colcon_core.shell:Creating environment hook '/home/svr/ROBOMUSE_WS/install/robomuse_motor_driver/share/robomuse_motor_driver/hook/cmake_prefix_path.ps1'
[1.589s] INFO:colcon.colcon_core.shell:Creating environment descriptor '/home/svr/ROBOMUSE_WS/install/robomuse_motor_driver/share/robomuse_motor_driver/hook/cmake_prefix_path.dsv'
[1.590s] INFO:colcon.colcon_core.shell:Creating environment hook '/home/svr/ROBOMUSE_WS/install/robomuse_motor_driver/share/robomuse_motor_driver/hook/cmake_prefix_path.sh'
[1.590s] Level 1:colcon.colcon_core.environment:checking '/home/svr/ROBOMUSE_WS/install/robomuse_motor_driver/lib'
[1.590s] Level 1:colcon.colcon_core.environment:checking '/home/svr/ROBOMUSE_WS/install/robomuse_motor_driver/bin'
[1.591s] Level 1:colcon.colcon_core.environment:checking '/home/svr/ROBOMUSE_WS/install/robomuse_motor_driver/lib/pkgconfig/robomuse_motor_driver.pc'
[1.591s] Level 1:colcon.colcon_core.environment:checking '/home/svr/ROBOMUSE_WS/install/robomuse_motor_driver/lib/python3.10/site-packages'
[1.591s] Level 1:colcon.colcon_core.environment:checking '/home/svr/ROBOMUSE_WS/install/robomuse_motor_driver/bin'
[1.591s] INFO:colcon.colcon_core.shell:Creating package script '/home/svr/ROBOMUSE_WS/install/robomuse_motor_driver/share/robomuse_motor_driver/package.ps1'
[1.592s] INFO:colcon.colcon_core.shell:Creating package descriptor '/home/svr/ROBOMUSE_WS/install/robomuse_motor_driver/share/robomuse_motor_driver/package.dsv'
[1.592s] INFO:colcon.colcon_core.shell:Creating package script '/home/svr/ROBOMUSE_WS/install/robomuse_motor_driver/share/robomuse_motor_driver/package.sh'
[1.592s] INFO:colcon.colcon_core.shell:Creating package script '/home/svr/ROBOMUSE_WS/install/robomuse_motor_driver/share/robomuse_motor_driver/package.bash'
[1.593s] INFO:colcon.colcon_core.shell:Creating package script '/home/svr/ROBOMUSE_WS/install/robomuse_motor_driver/share/robomuse_motor_driver/package.zsh'
[1.593s] Level 1:colcon.colcon_core.environment:create_file_with_runtime_dependencies(/home/svr/ROBOMUSE_WS/install/robomuse_motor_driver/share/colcon-core/packages/robomuse_motor_driver)
[1.593s] Level 1:colcon.colcon_core.environment:create_environment_scripts_only(robomuse_motor_driver)
[1.594s] Level 1:colcon.colcon_core.environment:checking '/home/svr/ROBOMUSE_WS/install/robomuse_motor_driver' for CMake module files
[1.594s] Level 1:colcon.colcon_core.environment:checking '/home/svr/ROBOMUSE_WS/install/robomuse_motor_driver' for CMake config files
[1.594s] Level 1:colcon.colcon_core.shell:create_environment_hook('robomuse_motor_driver', 'cmake_prefix_path')
[1.594s] INFO:colcon.colcon_core.shell:Creating environment hook '/home/svr/ROBOMUSE_WS/install/robomuse_motor_driver/share/robomuse_motor_driver/hook/cmake_prefix_path.ps1'
[1.595s] INFO:colcon.colcon_core.shell:Creating environment descriptor '/home/svr/ROBOMUSE_WS/install/robomuse_motor_driver/share/robomuse_motor_driver/hook/cmake_prefix_path.dsv'
[1.595s] INFO:colcon.colcon_core.shell:Creating environment hook '/home/svr/ROBOMUSE_WS/install/robomuse_motor_driver/share/robomuse_motor_driver/hook/cmake_prefix_path.sh'
[1.595s] Level 1:colcon.colcon_core.environment:checking '/home/svr/ROBOMUSE_WS/install/robomuse_motor_driver/lib'
[1.596s] Level 1:colcon.colcon_core.environment:checking '/home/svr/ROBOMUSE_WS/install/robomuse_motor_driver/bin'
[1.596s] Level 1:colcon.colcon_core.environment:checking '/home/svr/ROBOMUSE_WS/install/robomuse_motor_driver/lib/pkgconfig/robomuse_motor_driver.pc'
[1.596s] Level 1:colcon.colcon_core.environment:checking '/home/svr/ROBOMUSE_WS/install/robomuse_motor_driver/lib/python3.10/site-packages'
[1.596s] Level 1:colcon.colcon_core.environment:checking '/home/svr/ROBOMUSE_WS/install/robomuse_motor_driver/bin'
[1.596s] INFO:colcon.colcon_core.shell:Creating package script '/home/svr/ROBOMUSE_WS/install/robomuse_motor_driver/share/robomuse_motor_driver/package.ps1'
[1.597s] INFO:colcon.colcon_core.shell:Creating package descriptor '/home/svr/ROBOMUSE_WS/install/robomuse_motor_driver/share/robomuse_motor_driver/package.dsv'
[1.597s] INFO:colcon.colcon_core.shell:Creating package script '/home/svr/ROBOMUSE_WS/install/robomuse_motor_driver/share/robomuse_motor_driver/package.sh'
[1.598s] INFO:colcon.colcon_core.shell:Creating package script '/home/svr/ROBOMUSE_WS/install/robomuse_motor_driver/share/robomuse_motor_driver/package.bash'
[1.598s] INFO:colcon.colcon_core.shell:Creating package script '/home/svr/ROBOMUSE_WS/install/robomuse_motor_driver/share/robomuse_motor_driver/package.zsh'
[1.599s] Level 1:colcon.colcon_core.environment:create_file_with_runtime_dependencies(/home/svr/ROBOMUSE_WS/install/robomuse_motor_driver/share/colcon-core/packages/robomuse_motor_driver)
[1.599s] DEBUG:colcon.colcon_parallel_executor.executor.parallel:closing loop
[1.599s] DEBUG:colcon.colcon_parallel_executor.executor.parallel:loop closed
[1.599s] DEBUG:colcon.colcon_parallel_executor.executor.parallel:run_until_complete finished with '0'
[1.599s] DEBUG:colcon.colcon_core.event_reactor:joining thread
[1.604s] INFO:colcon.colcon_core.plugin_system:Skipping extension 'colcon_notification.desktop_notification.terminal_notifier': Not used on non-Darwin systems
[1.604s] INFO:colcon.colcon_core.plugin_system:Skipping extension 'colcon_notification.desktop_notification.win32': Not used on non-Windows systems
[1.604s] INFO:colcon.colcon_notification.desktop_notification:Sending desktop notification using 'notify2'
[1.614s] DEBUG:colcon.colcon_core.event_reactor:joined thread
[1.614s] INFO:colcon.colcon_core.shell:Creating prefix script '/home/svr/ROBOMUSE_WS/install/local_setup.ps1'
[1.615s] INFO:colcon.colcon_core.shell:Creating prefix util module '/home/svr/ROBOMUSE_WS/install/_local_setup_util_ps1.py'
[1.617s] INFO:colcon.colcon_core.shell:Creating prefix chain script '/home/svr/ROBOMUSE_WS/install/setup.ps1'
[1.618s] INFO:colcon.colcon_core.shell:Creating prefix script '/home/svr/ROBOMUSE_WS/install/local_setup.sh'
[1.619s] INFO:colcon.colcon_core.shell:Creating prefix util module '/home/svr/ROBOMUSE_WS/install/_local_setup_util_sh.py'
[1.619s] INFO:colcon.colcon_core.shell:Creating prefix chain script '/home/svr/ROBOMUSE_WS/install/setup.sh'
[1.620s] INFO:colcon.colcon_core.shell:Creating prefix script '/home/svr/ROBOMUSE_WS/install/local_setup.bash'
[1.621s] INFO:colcon.colcon_core.shell:Creating prefix chain script '/home/svr/ROBOMUSE_WS/install/setup.bash'
[1.622s] INFO:colcon.colcon_core.shell:Creating prefix script '/home/svr/ROBOMUSE_WS/install/local_setup.zsh'
[1.623s] INFO:colcon.colcon_core.shell:Creating prefix chain script '/home/svr/ROBOMUSE_WS/install/setup.zsh'
